<?xml version="1.0" encoding="UTF-8"?>
<!-- Generated by org.testng.reporters.JUnitXMLReporter -->
<testsuite ignored="4" hostname="DESKTOP-QVQUTI8" failures="1" tests="3" name="Test" time="28.239" errors="0" timestamp="2025-05-14T08:50:12 IST">
  <testcase classname="electronics.TC_DWS_020_Test" name="clickOnElectronics" time="1.164"/>
  <testcase classname="computers.TC_DWS_010_Test" name="clickonComputers" time="1.161">
    <failure type="java.lang.AssertionError" message="Computers Page is Not Dispalyed expected [Demo Web Shop. Comp] but found [Demo Web Shop. Computers]">
      <![CDATA[java.lang.AssertionError: Computers Page is Not Dispalyed expected [Demo Web Shop. Comp] but found [Demo Web Shop. Computers]
at computers.TC_DWS_010_Test.clickonComputers(TC_DWS_010_Test.java:19)
at java.base/java.util.ArrayList.forEach(ArrayList.java:1596)
... Removed 30 stack frames]]>
    </failure>
  </testcase> <!-- clickonComputers -->
  <testcase classname="books.TC_DWS_001_Test" name="clickOnBooks" time="1.253"/>
  <testcase classname="genericutility.BaseClass" name="@BeforeSuite reportConfig" time="0.0">
    <ignored/>
  </testcase> <!-- @BeforeSuite reportConfig -->
  <testcase classname="genericutility.BaseClass" name="@AfterSuite reportBackup" time="0.0">
    <ignored/>
  </testcase> <!-- @AfterSuite reportBackup -->
  <testcase classname="genericutility.BaseClass" name="@BeforeSuite reportConfig" time="0.0">
    <ignored/>
  </testcase> <!-- @BeforeSuite reportConfig -->
  <testcase classname="genericutility.BaseClass" name="@AfterSuite reportBackup" time="0.0">
    <ignored/>
  </testcase> <!-- @AfterSuite reportBackup -->
</testsuite> <!-- Test -->
